<?xml version="1.0" encoding="utf-8"?><testsuites name="pytest tests"><testsuite name="pytest" errors="0" failures="0" skipped="0" tests="6" time="7.242" timestamp="2026-09-14T08:47:32.991421+00:00" hostname="modal"><testcase classname="tests.test_attention" name="test_flash_forward_pass_pytorch" time="0.017" /><testcase classname="tests.test_attention" name="test_flash_forward_pass_triton[False]" time="1.747" /><testcase classname="tests.test_attention" name="test_flash_forward_pass_triton[True]" time="0.405" /><testcase classname="tests.test_attention" name="test_flash_backward_pytorch" time="0.460" /><testcase classname="tests.test_attention" name="test_flash_backward_triton[False]" time="3.595" /><testcase classname="tests.test_attention" name="test_flash_backward_triton[True]" time="0.931" /></testsuite></testsuites>