<?xml version="1.0" encoding="utf-8"?><testsuites name="pytest tests"><testsuite name="pytest" errors="0" failures="0" skipped="0" tests="8" time="45.183" timestamp="2026-09-14T08:50:26.310673+00:00" hostname="modal"><testcase classname="tests.test_ddp" name="test_DistributedDataParallel[ToyModel]" time="5.677" /><testcase classname="tests.test_ddp" name="test_DistributedDataParallel[ToyModelWithTiedWeights]" time="5.572" /><testcase classname="tests.test_fsdp" name="test_fsdp_correctness[fp32]" time="6.643" /><testcase classname="tests.test_fsdp" name="test_fsdp_correctness[fp16]" time="6.179" /><testcase classname="tests.test_fsdp" name="test_fsdp_gradient_sync[fp32]" time="6.240" /><testcase classname="tests.test_fsdp" name="test_fsdp_gradient_sync[fp16]" time="5.833" /><testcase classname="tests.test_sharded_optimizer" name="test_sharded_optimizer[ToyModel]" time="4.369" /><testcase classname="tests.test_sharded_optimizer" name="test_sharded_optimizer[ToyModelWithTiedWeights]" time="4.632" /></testsuite></testsuites>