<?xml version="1.0" encoding="utf-8"?><testsuites name="pytest tests"><testsuite name="pytest" errors="0" failures="0" skipped="0" tests="6" time="12.325" timestamp="2026-09-14T08:20:32.744671+00:00" hostname="modal"><testcase classname="tests.test_attention" name="test_flash_forward_pass_pytorch" time="0.034" /><testcase classname="tests.test_attention" name="test_flash_forward_pass_triton[False]" time="3.421" /><testcase classname="tests.test_attention" name="test_flash_forward_pass_triton[True]" time="0.687" /><testcase classname="tests.test_attention" name="test_flash_backward_pytorch" time="0.672" /><testcase classname="tests.test_attention" name="test_flash_backward_triton[False]" time="5.728" /><testcase classname="tests.test_attention" name="test_flash_backward_triton[True]" time="1.643" /></testsuite></testsuites>